<?xml version="1.0" encoding="UTF-8"?>
<!-- Generated by org.testng.reporters.JUnitXMLReporter -->
<testsuite hostname="DESKTOP-ABP9BEO" ignored="0" name="ScreenShotTest" tests="1" failures="1" timestamp="08 May 2019 08:59:06 GMT" time="13.152" errors="0">
  <testcase name="CaptureFullScreenShot" time="13.102" classname="javaClassPack.FullPageScreenShot">
    <failure type="java.lang.NoClassDefFoundError" message="org/apache/commons/io/IOUtils">
      <![CDATA[java.lang.NoClassDefFoundError: org/apache/commons/io/IOUtils
at ru.yandex.qatools.ashot.util.InnerScript.execute(InnerScript.java:25)
at ru.yandex.qatools.ashot.shooting.ViewportPastingDecorator.getFullHeight(ViewportPastingDecorator.java:67)
at ru.yandex.qatools.ashot.shooting.ViewportPastingDecorator.getScreenshot(ViewportPastingDecorator.java:41)
at ru.yandex.qatools.ashot.shooting.ViewportPastingDecorator.getScreenshot(ViewportPastingDecorator.java:35)
at ru.yandex.qatools.ashot.AShot.takeScreenshot(AShot.java:143)
at javaClassPack.FullPageScreenShot.CaptureFullScreenShot(FullPageScreenShot.java:42)
Caused by: java.lang.ClassNotFoundException: org.apache.commons.io.IOUtils
at java.net.URLClassLoader.findClass(Unknown Source)
at java.lang.ClassLoader.loadClass(Unknown Source)
at sun.misc.Launcher$AppClassLoader.loadClass(Unknown Source)
at java.lang.ClassLoader.loadClass(Unknown Source)
... 31 more
... Removed 25 stack frames]]>
    </failure>
  </testcase> <!-- CaptureFullScreenShot -->
</testsuite> <!-- ScreenShotTest -->
