<?xml version="1.0" encoding="UTF-8"?>
<testng-results skipped="0" failed="0" total="1" passed="1">
  <reporter-output>
  </reporter-output>
  <suite name="Default suite" duration-ms="2140181" started-at="2019-05-09T11:27:11Z" finished-at="2019-05-09T12:02:51Z">
    <groups>
    </groups>
    <test name="Default test" duration-ms="2140181" started-at="2019-05-09T11:27:11Z" finished-at="2019-05-09T12:02:51Z">
      <class name="javaClassPack.FullPageScreenShot">
        <test-method status="PASS" signature="CaptureFullScreenShot()[pri:0, instance:javaClassPack.FullPageScreenShot@2ef5e5e3]" name="CaptureFullScreenShot" duration-ms="2140153" started-at="2019-05-09T16:57:11Z" finished-at="2019-05-09T17:32:51Z">
          <reporter-output>
          </reporter-output>
        </test-method> <!-- CaptureFullScreenShot -->
      </class> <!-- javaClassPack.FullPageScreenShot -->
    </test> <!-- Default test -->
  </suite> <!-- Default suite -->
</testng-results>
